<html>
<head>
<title>TestNG:  TestNG Sample</title>
<link href="../testng.css" rel="stylesheet" type="text/css" />
<link href="../my-testng.css" rel="stylesheet" type="text/css" />

<style type="text/css">
.log { display: none;} 
.stack-trace { display: none;} 
</style>
<script type="text/javascript">
<!--
function flip(e) {
  current = e.style.display;
  if (current == 'block') {
    e.style.display = 'none';
    return 0;
  }
  else {
    e.style.display = 'block';
    return 1;
  }
}

function toggleBox(szDivId, elem, msg1, msg2)
{
  var res = -1;  if (document.getElementById) {
    res = flip(document.getElementById(szDivId));
  }
  else if (document.all) {
    // this is the way old msie versions work
    res = flip(document.all[szDivId]);
  }
  if(elem) {
    if(res == 0) elem.innerHTML = msg1; else elem.innerHTML = msg2;
  }

}

function toggleAllBoxes() {
  if (document.getElementsByTagName) {
    d = document.getElementsByTagName('div');
    for (i = 0; i < d.length; i++) {
      if (d[i].className == 'log') {
        flip(d[i]);
      }
    }
  }
}

// -->
</script>

</head>
<body>
<h2 align='center'>TestNG Sample</h2><table border='1' align="center">
<tr>
<td>Tests passed/Failed/Skipped:</td><td>15/2/1</td>
</tr><tr>
<td>Started on:</td><td>Thu Nov 16 09:11:59 IST 2017</td>
</tr>
<tr><td>Total time:</td><td>3 seconds (3576 ms)</td>
</tr><tr>
<td>Included groups:</td><td></td>
</tr><tr>
<td>Excluded groups:</td><td></td>
</tr>
</table><p/>
<small><i>(Hover the method name to see the test class name)</i></small><p/>
<table width='100%' border='1' class='invocation-failed'>
<tr><td colspan='4' align='center'><b>FAILED TESTS</b></td></tr>
<tr><td><b>Test method</b></td>
<td width="30%"><b>Exception</b></td>
<td width="10%"><b>Time (seconds)</b></td>
<td><b>Instance</b></td>
</tr>
<tr>
<td title='com.login.BTest.t2()'><b>t2</b><br>Test class: com.login.BTest</td>
<td><div><pre>java.lang.ArithmeticException: / by zero
	at com.login.BTest.t2(BTest.java:55)
... Removed 24 stack frames</pre></div><a href='#' onClick='toggleBox("stack-trace112061925", this, "Click to show all stack frames", "Click to hide stack frames")'>Click to show all stack frames</a>
<div class='stack-trace' id='stack-trace112061925'><pre>java.lang.ArithmeticException: / by zero
	at com.login.BTest.t2(BTest.java:55)
	at sun.reflect.NativeMethodAccessorImpl.invoke0(Native Method)
	at sun.reflect.NativeMethodAccessorImpl.invoke(NativeMethodAccessorImpl.java:62)
	at sun.reflect.DelegatingMethodAccessorImpl.invoke(DelegatingMethodAccessorImpl.java:43)
	at java.lang.reflect.Method.invoke(Method.java:498)
	at org.testng.internal.MethodInvocationHelper.invokeMethod(MethodInvocationHelper.java:86)
	at org.testng.internal.Invoker.invokeMethod(Invoker.java:643)
	at org.testng.internal.Invoker.invokeTestMethod(Invoker.java:820)
	at org.testng.internal.Invoker.invokeTestMethods(Invoker.java:1128)
	at org.testng.internal.TestMethodWorker.invokeTestMethods(TestMethodWorker.java:129)
	at org.testng.internal.TestMethodWorker.run(TestMethodWorker.java:112)
	at org.testng.TestRunner.privateRun(TestRunner.java:782)
	at org.testng.TestRunner.run(TestRunner.java:632)
	at org.testng.SuiteRunner.runTest(SuiteRunner.java:366)
	at org.testng.SuiteRunner.runSequentially(SuiteRunner.java:361)
	at org.testng.SuiteRunner.privateRun(SuiteRunner.java:319)
	at org.testng.SuiteRunner.run(SuiteRunner.java:268)
	at org.testng.SuiteRunnerWorker.runSuite(SuiteRunnerWorker.java:52)
	at org.testng.SuiteRunnerWorker.run(SuiteRunnerWorker.java:86)
	at org.testng.TestNG.runSuitesSequentially(TestNG.java:1244)
	at org.testng.TestNG.runSuitesLocally(TestNG.java:1169)
	at org.testng.TestNG.run(TestNG.java:1064)
	at org.testng.remote.AbstractRemoteTestNG.run(AbstractRemoteTestNG.java:126)
	at org.testng.remote.RemoteTestNG.initAndRun(RemoteTestNG.java:152)
	at org.testng.remote.RemoteTestNG.main(RemoteTestNG.java:57)
</pre></div></td>
<td>0</td>
<td>com.login.BTest@4520ebad</td></tr>
<tr>
<td title='com.login.LoginTest.validLogin()'><b>validLogin</b><br>Test class: com.login.LoginTest</td>
<td><div><pre>java.lang.AssertionError: expected [Login Successful] but found [Login Failed]
	at com.login.LoginTest.validLogin(LoginTest.java:35)
... Removed 30 stack frames</pre></div><a href='#' onClick='toggleBox("stack-trace1310540333", this, "Click to show all stack frames", "Click to hide stack frames")'>Click to show all stack frames</a>
<div class='stack-trace' id='stack-trace1310540333'><pre>java.lang.AssertionError: expected [Login Successful] but found [Login Failed]
	at org.testng.Assert.fail(Assert.java:94)
	at org.testng.Assert.failNotEquals(Assert.java:513)
	at org.testng.Assert.assertEqualsImpl(Assert.java:135)
	at org.testng.Assert.assertEquals(Assert.java:116)
	at org.testng.Assert.assertEquals(Assert.java:190)
	at org.testng.Assert.assertEquals(Assert.java:200)
	at com.login.LoginTest.validLogin(LoginTest.java:35)
	at sun.reflect.NativeMethodAccessorImpl.invoke0(Native Method)
	at sun.reflect.NativeMethodAccessorImpl.invoke(NativeMethodAccessorImpl.java:62)
	at sun.reflect.DelegatingMethodAccessorImpl.invoke(DelegatingMethodAccessorImpl.java:43)
	at java.lang.reflect.Method.invoke(Method.java:498)
	at org.testng.internal.MethodInvocationHelper.invokeMethod(MethodInvocationHelper.java:86)
	at org.testng.internal.Invoker.invokeMethod(Invoker.java:643)
	at org.testng.internal.Invoker.invokeTestMethod(Invoker.java:820)
	at org.testng.internal.Invoker.invokeTestMethods(Invoker.java:1128)
	at org.testng.internal.TestMethodWorker.invokeTestMethods(TestMethodWorker.java:129)
	at org.testng.internal.TestMethodWorker.run(TestMethodWorker.java:112)
	at org.testng.TestRunner.privateRun(TestRunner.java:782)
	at org.testng.TestRunner.run(TestRunner.java:632)
	at org.testng.SuiteRunner.runTest(SuiteRunner.java:366)
	at org.testng.SuiteRunner.runSequentially(SuiteRunner.java:361)
	at org.testng.SuiteRunner.privateRun(SuiteRunner.java:319)
	at org.testng.SuiteRunner.run(SuiteRunner.java:268)
	at org.testng.SuiteRunnerWorker.runSuite(SuiteRunnerWorker.java:52)
	at org.testng.SuiteRunnerWorker.run(SuiteRunnerWorker.java:86)
	at org.testng.TestNG.runSuitesSequentially(TestNG.java:1244)
	at org.testng.TestNG.runSuitesLocally(TestNG.java:1169)
	at org.testng.TestNG.run(TestNG.java:1064)
	at org.testng.remote.AbstractRemoteTestNG.run(AbstractRemoteTestNG.java:126)
	at org.testng.remote.RemoteTestNG.initAndRun(RemoteTestNG.java:152)
	at org.testng.remote.RemoteTestNG.main(RemoteTestNG.java:57)
</pre></div></td>
<td>0</td>
<td>com.login.LoginTest@d2cc05a</td></tr>
</table><p>
<table width='100%' border='1' class='invocation-passed'>
<tr><td colspan='4' align='center'><b>PASSED TESTS</b></td></tr>
<tr><td><b>Test method</b></td>
<td width="30%"><b>Exception</b></td>
<td width="10%"><b>Time (seconds)</b></td>
<td><b>Instance</b></td>
</tr>
<tr>
<td title='com.login.ZTest.a1()'><b>a1</b><br>Test class: com.login.ZTest</td>
<td></td>
<td>0</td>
<td>com.login.ZTest@7dc7cbad</td></tr>
<tr>
<td title='com.login.ZTest.a2()'><b>a2</b><br>Test class: com.login.ZTest</td>
<td></td>
<td>0</td>
<td>com.login.ZTest@7dc7cbad</td></tr>
<tr>
<td title='com.login.ZTest.a3()'><b>a3</b><br>Test class: com.login.ZTest</td>
<td></td>
<td>0</td>
<td>com.login.ZTest@7dc7cbad</td></tr>
<tr>
<td title='com.login.BTest.b1()'><b>b1</b><br>Test class: com.login.BTest</td>
<td></td>
<td>0</td>
<td>com.login.BTest@4520ebad</td></tr>
<tr>
<td title='com.login.BTest.b2()'><b>b2</b><br>Test class: com.login.BTest</td>
<td></td>
<td>0</td>
<td>com.login.BTest@4520ebad</td></tr>
<tr>
<td title='com.login.BTest.b3()'><b>b3</b><br>Test class: com.login.BTest</td>
<td></td>
<td>0</td>
<td>com.login.BTest@4520ebad</td></tr>
<tr>
<td title='com.login.LoginTest.bothNull()'><b>bothNull</b><br>Test class: com.login.LoginTest</td>
<td></td>
<td>0</td>
<td>com.login.LoginTest@d2cc05a</td></tr>
<tr>
<td title='com.login.xTest.c2()'><b>c2</b><br>Test class: com.login.xTest</td>
<td></td>
<td>0</td>
<td>com.login.xTest@5419f379</td></tr>
<tr>
<td title='com.login.xTest.c3()'><b>c3</b><br>Test class: com.login.xTest</td>
<td></td>
<td>0</td>
<td>com.login.xTest@5419f379</td></tr>
<tr>
<td title='com.login.xTest.c4()'><b>c4</b><br>Test class: com.login.xTest</td>
<td></td>
<td>0</td>
<td>com.login.xTest@5419f379</td></tr>
<tr>
<td title='com.login.xTest.c5()'><b>c5</b><br>Test class: com.login.xTest</td>
<td></td>
<td>0</td>
<td>com.login.xTest@5419f379</td></tr>
<tr>
<td title='com.login.LoginTest.invalidLogin()'><b>invalidLogin</b><br>Test class: com.login.LoginTest</td>
<td></td>
<td>0</td>
<td>com.login.LoginTest@d2cc05a</td></tr>
<tr>
<td title='com.login.LoginTest.passwordNull()'><b>passwordNull</b><br>Test class: com.login.LoginTest</td>
<td></td>
<td>0</td>
<td>com.login.LoginTest@d2cc05a</td></tr>
<tr>
<td title='com.login.LoginTest.usernameNull()'><b>usernameNull</b><br>Test class: com.login.LoginTest</td>
<td></td>
<td>0</td>
<td>com.login.LoginTest@d2cc05a</td></tr>
<tr>
<td title='com.login.xTest.z1()'><b>z1</b><br>Test class: com.login.xTest</td>
<td></td>
<td>0</td>
<td>com.login.xTest@5419f379</td></tr>
</table><p>
<table width='100%' border='1' class='invocation-skipped'>
<tr><td colspan='4' align='center'><b>SKIPPED TESTS</b></td></tr>
<tr><td><b>Test method</b></td>
<td width="30%"><b>Exception</b></td>
<td width="10%"><b>Time (seconds)</b></td>
<td><b>Instance</b></td>
</tr>
<tr>
<td title='com.login.BTest.t1()'><b>t1</b><br>Test class: com.login.BTest</td>
<td><div><pre>java.lang.Throwable: Method BTest.t1()[pri:0, instance:com.login.BTest@4520ebad] depends on not successfully finished methods
... Removed 17 stack frames</pre></div><a href='#' onClick='toggleBox("stack-trace230835489", this, "Click to show all stack frames", "Click to hide stack frames")'>Click to show all stack frames</a>
<div class='stack-trace' id='stack-trace230835489'><pre>java.lang.Throwable: Method BTest.t1()[pri:0, instance:com.login.BTest@4520ebad] depends on not successfully finished methods
	at org.testng.internal.Invoker.invokeTestMethods(Invoker.java:1037)
	at org.testng.internal.TestMethodWorker.invokeTestMethods(TestMethodWorker.java:129)
	at org.testng.internal.TestMethodWorker.run(TestMethodWorker.java:112)
	at org.testng.TestRunner.privateRun(TestRunner.java:782)
	at org.testng.TestRunner.run(TestRunner.java:632)
	at org.testng.SuiteRunner.runTest(SuiteRunner.java:366)
	at org.testng.SuiteRunner.runSequentially(SuiteRunner.java:361)
	at org.testng.SuiteRunner.privateRun(SuiteRunner.java:319)
	at org.testng.SuiteRunner.run(SuiteRunner.java:268)
	at org.testng.SuiteRunnerWorker.runSuite(SuiteRunnerWorker.java:52)
	at org.testng.SuiteRunnerWorker.run(SuiteRunnerWorker.java:86)
	at org.testng.TestNG.runSuitesSequentially(TestNG.java:1244)
	at org.testng.TestNG.runSuitesLocally(TestNG.java:1169)
	at org.testng.TestNG.run(TestNG.java:1064)
	at org.testng.remote.AbstractRemoteTestNG.run(AbstractRemoteTestNG.java:126)
	at org.testng.remote.RemoteTestNG.initAndRun(RemoteTestNG.java:152)
	at org.testng.remote.RemoteTestNG.main(RemoteTestNG.java:57)
</pre></div></td>
<td>0</td>
<td>null</td></tr>
</table><p>
</body>
</html>